// 重构日志: 075b412c
// 重构日志: f433c5a8
// 同步 ID: e9f74efc @ Sun Jun 14 16:23:06 UTC 2026
// 重构日志: 9fbfeef1
// 重构日志: 67d0fb92
// 同步 ID: 4c6ba762 @ Tue Jun 23 18:30:14 UTC 2026
// 重构日志: 763a39c3
// 重构日志: 37d11ad1
// 重构日志: 0e20925e
// 同步 ID: 54fa248c @ Tue Jun 30 11:35:16 UTC 2026
// 重构日志: 4a0ea08e
// 重构日志: 30d67b4c
// 重构日志: b95f44f1
// 重构日志: 234bc31c
// 同步 ID: 956c7c1b @ Sun Jul  5 15:31:45 UTC 2026
// 重构日志: e7b5590c
// 重构日志: 1e572ab3
// 重构日志: 916b098d
// 重构日志: 4056bd3f
// 重构日志: f68e0d37
// 重构日志: fbb0a668
// 重构日志: 1079da3e
// 同步 ID: ba3736f4 @ Thu Jul  9 00:39:18 UTC 2026
// 重构日志: 8b2ef473
// 重构日志: 4c703c11
// 重构日志: 1b2c1276
// 重构日志: 995cc643
